{"contracts\\interfaces\\ICollector.sol":{"l":{},"path":"C:\\Users\\germa\\Documents\\Repositories\\blockchain\\blockchain-my-strategy-architecture\\contracts\\interfaces\\ICollector.sol","s":{},"b":{},"f":{},"fnMap":{},"statementMap":{},"branchMap":{}},"contracts\\interfaces\\IHarvestStrategy.sol":{"l":{},"path":"C:\\Users\\germa\\Documents\\Repositories\\blockchain\\blockchain-my-strategy-architecture\\contracts\\interfaces\\IHarvestStrategy.sol","s":{},"b":{},"f":{},"fnMap":{},"statementMap":{},"branchMap":{}},"contracts\\interfaces\\IStrategy.sol":{"l":{},"path":"C:\\Users\\germa\\Documents\\Repositories\\blockchain\\blockchain-my-strategy-architecture\\contracts\\interfaces\\IStrategy.sol","s":{},"b":{},"f":{},"fnMap":{},"statementMap":{},"branchMap":{}},"contracts\\interfaces\\IVault.sol":{"l":{},"path":"C:\\Users\\germa\\Documents\\Repositories\\blockchain\\blockchain-my-strategy-architecture\\contracts\\interfaces\\IVault.sol","s":{},"b":{},"f":{},"fnMap":{},"statementMap":{},"branchMap":{}},"contracts\\StrategyGroupVault.sol":{"l":{},"path":"C:\\Users\\germa\\Documents\\Repositories\\blockchain\\blockchain-my-strategy-architecture\\contracts\\StrategyGroupVault.sol","s":{},"b":{},"f":{"1":0},"fnMap":{"1":{"name":"migrate","line":6,"loc":{"start":{"line":6,"column":4},"end":{"line":6,"column":74}}}},"statementMap":{},"branchMap":{}},"contracts\\StrategyManager.sol":{"l":{"38":0,"42":0,"43":0,"44":0,"51":0,"55":0,"59":0,"60":0,"69":0,"73":0,"78":0,"83":0,"90":0,"97":0,"98":0,"99":0,"100":0,"108":0,"111":0,"112":0,"113":0,"117":0,"119":0},"path":"C:\\Users\\germa\\Documents\\Repositories\\blockchain\\blockchain-my-strategy-architecture\\contracts\\StrategyManager.sol","s":{"1":0,"2":0,"3":0,"4":0,"5":0,"6":0,"7":0,"8":0,"9":0,"10":0,"11":0,"12":0,"13":0,"14":0,"15":0,"16":0,"17":0,"18":0,"19":0,"20":0,"21":0,"22":0,"23":0},"b":{"1":[0,0],"2":[0,0],"3":[0,0],"4":[0,0],"5":[0,0],"6":[0,0],"7":[0,0],"8":[0,0]},"f":{"1":0,"2":0,"3":0,"4":0,"5":0},"fnMap":{"1":{"name":"addFarmStrategy","line":34,"loc":{"start":{"line":34,"column":4},"end":{"line":45,"column":4}}},"2":{"name":"addHarvestStrategy","line":47,"loc":{"start":{"line":47,"column":4},"end":{"line":61,"column":4}}},"3":{"name":"createStrategyGroup","line":63,"loc":{"start":{"line":63,"column":4},"end":{"line":91,"column":4}}},"4":{"name":"_createVault","line":93,"loc":{"start":{"line":93,"column":4},"end":{"line":101,"column":4}}},"5":{"name":"_checkIfAreStrategies","line":103,"loc":{"start":{"line":103,"column":4},"end":{"line":120,"column":4}}}},"statementMap":{"1":{"start":{"line":38,"column":8},"end":{"line":38,"column":996}},"2":{"start":{"line":42,"column":8},"end":{"line":42,"column":72}},"3":{"start":{"line":43,"column":8},"end":{"line":43,"column":52}},"4":{"start":{"line":44,"column":8},"end":{"line":44,"column":49}},"5":{"start":{"line":51,"column":8},"end":{"line":51,"column":1473}},"6":{"start":{"line":55,"column":8},"end":{"line":55,"column":1639}},"7":{"start":{"line":59,"column":8},"end":{"line":59,"column":58}},"8":{"start":{"line":60,"column":8},"end":{"line":60,"column":55}},"9":{"start":{"line":69,"column":8},"end":{"line":69,"column":2092}},"10":{"start":{"line":73,"column":8},"end":{"line":73,"column":2225}},"11":{"start":{"line":78,"column":8},"end":{"line":78,"column":2388}},"12":{"start":{"line":83,"column":8},"end":{"line":83,"column":2514}},"13":{"start":{"line":90,"column":8},"end":{"line":90,"column":48}},"14":{"start":{"line":97,"column":8},"end":{"line":97,"column":59}},"15":{"start":{"line":98,"column":8},"end":{"line":98,"column":36}},"16":{"start":{"line":99,"column":8},"end":{"line":99,"column":29}},"17":{"start":{"line":100,"column":8},"end":{"line":100,"column":20}},"18":{"start":{"line":108,"column":8},"end":{"line":108,"column":3234}},"19":{"start":{"line":111,"column":8},"end":{"line":111,"column":3339}},"20":{"start":{"line":112,"column":12},"end":{"line":112,"column":62}},"21":{"start":{"line":113,"column":12},"end":{"line":113,"column":3469}},"22":{"start":{"line":117,"column":12},"end":{"line":117,"column":43}},"23":{"start":{"line":119,"column":8},"end":{"line":119,"column":33}}},"branchMap":{"1":{"line":38,"type":"if","locations":[{"start":{"line":38,"column":8},"end":{"line":38,"column":8}},{"start":{"line":38,"column":8},"end":{"line":38,"column":8}}]},"2":{"line":42,"type":"if","locations":[{"start":{"line":42,"column":8},"end":{"line":42,"column":8}},{"start":{"line":42,"column":8},"end":{"line":42,"column":8}}]},"3":{"line":51,"type":"if","locations":[{"start":{"line":51,"column":8},"end":{"line":51,"column":8}},{"start":{"line":51,"column":8},"end":{"line":51,"column":8}}]},"4":{"line":55,"type":"if","locations":[{"start":{"line":55,"column":8},"end":{"line":55,"column":8}},{"start":{"line":55,"column":8},"end":{"line":55,"column":8}}]},"5":{"line":69,"type":"if","locations":[{"start":{"line":69,"column":8},"end":{"line":69,"column":8}},{"start":{"line":69,"column":8},"end":{"line":69,"column":8}}]},"6":{"line":73,"type":"if","locations":[{"start":{"line":73,"column":8},"end":{"line":73,"column":8}},{"start":{"line":73,"column":8},"end":{"line":73,"column":8}}]},"7":{"line":78,"type":"if","locations":[{"start":{"line":78,"column":8},"end":{"line":78,"column":8}},{"start":{"line":78,"column":8},"end":{"line":78,"column":8}}]},"8":{"line":113,"type":"if","locations":[{"start":{"line":113,"column":12},"end":{"line":113,"column":12}},{"start":{"line":113,"column":12},"end":{"line":113,"column":12}}]}}}}